<?xml version="1.0" encoding="UTF-8"?>
<!-- Generated by org.testng.reporters.JUnitReportReporter -->
<testsuite hostname="Srijans-MacBook-Air.local" failures="0" tests="1" name="A_Test.Basics" time="0.006" errors="0" timestamp="2024-11-04T18:38:31 IST" skipped="0">
  <testcase classname="A_Test.Basics" name="demo" time="0.006"/>
  <system-out/>
</testsuite> <!-- A_Test.Basics -->
