<?xml version="1.0" encoding="UTF-8"?>
<!-- Generated by org.testng.reporters.JUnitReportReporter -->
<testsuite hostname="Srijans-MacBook-Air.local" failures="0" tests="1" name="A_Test.Basics2" time="0.001" errors="0" timestamp="2024-11-02T13:41:04 IST" skipped="0">
  <testcase classname="A_Test.Basics2" name="ploan" time="0.001"/>
  <system-out/>
</testsuite> <!-- A_Test.Basics2 -->
