<?xml version="1.0" encoding="UTF-8"?>
<!-- Generated by org.testng.reporters.JUnitReportReporter -->
<testsuite hostname="Srijans-MacBook-Air.local" failures="0" tests="1" name="A_Test.Basics" time="0.012" errors="0" timestamp="2024-11-11T23:56:13 IST" skipped="0">
  <testcase classname="A_Test.Basics" name="demo" time="0.012"/>
  <system-out/>
</testsuite> <!-- A_Test.Basics -->
