<?xml version="1.0" encoding="UTF-8"?>
<!-- Generated by org.testng.reporters.JUnitReportReporter -->
<testsuite hostname="Srijans-MacBook-Air.local" failures="0" tests="5" name="A_Test.Basics3" time="0.021" errors="0" timestamp="2024-11-02T13:41:04 IST" skipped="0">
  <testcase classname="A_Test.Basics3" name="mobileSignOutCarLoan" time="0.001"/>
  <system-out/>
  <testcase classname="A_Test.Basics3" name="APICarLoan" time="0.015"/>
  <system-out/>
  <testcase classname="A_Test.Basics3" name="webLoginCarLoan" time="0.001"/>
  <system-out/>
  <testcase classname="A_Test.Basics3" name="mobileSignInCarLoan" time="0.001"/>
  <system-out/>
  <testcase classname="A_Test.Basics3" name="mobileLoginCarLoan" time="0.003"/>
  <system-out/>
</testsuite> <!-- A_Test.Basics3 -->
