<?xml version="1.0" encoding="UTF-8"?>
<!-- Generated by org.testng.reporters.JUnitReportReporter -->
<testsuite hostname="Srijans-MacBook-Air.local" failures="0" tests="3" name="A_Test.Basics4" time="0.004" errors="0" timestamp="2024-11-02T13:41:04 IST" skipped="0">
  <testcase classname="A_Test.Basics4" name="webLoginHomeLoan" time="0.000"/>
  <system-out/>
  <testcase classname="A_Test.Basics4" name="mobileLoginCarLoan" time="0.002"/>
  <system-out/>
  <testcase classname="A_Test.Basics4" name="LoginAPICarLoan" time="0.002"/>
  <system-out/>
</testsuite> <!-- A_Test.Basics4 -->
