<?xml version="1.0" encoding="UTF-8"?>
<!-- Generated by org.testng.reporters.JUnitReportReporter -->
<testsuite hostname="Srijans-MacBook-Air.local" failures="0" tests="2" name="A_Test.Basics" time="0.010" errors="0" timestamp="2024-11-03T19:26:47 IST" skipped="0">
  <testcase classname="A_Test.Basics" name="demo" time="0.008"/>
  <system-out/>
  <testcase classname="A_Test.Basics" name="secondTest" time="0.002"/>
  <system-out/>
</testsuite> <!-- A_Test.Basics -->
