<?xml version="1.0" encoding="UTF-8"?>
<!-- Generated by org.testng.reporters.JUnitReportReporter -->
<testsuite hostname="Srijans-MacBook-Air.local" failures="0" tests="3" name="A_Test.Basics4" time="0.022" errors="0" timestamp="2024-11-12T00:48:27 IST" skipped="0">
  <testcase classname="A_Test.Basics4" name="mobileLoginHomeLoan" time="0.014"/>
  <system-out/>
  <testcase classname="A_Test.Basics4" name="webLoginHomeLoan" time="0.005"/>
  <system-out/>
  <testcase classname="A_Test.Basics4" name="LoginAPIHomeLoan" time="0.003"/>
  <system-out/>
</testsuite> <!-- A_Test.Basics4 -->
