<?xml version="1.0" encoding="UTF-8"?>
<!-- Generated by org.testng.reporters.JUnitReportReporter -->
<testsuite hostname="Srijans-MacBook-Air.local" failures="0" tests="4" name="A_Test.Basics3" time="0.018" errors="0" timestamp="2024-11-02T15:39:24 IST" skipped="0">
  <testcase classname="A_Test.Basics3" name="webLoginCarLoan" time="0.004"/>
  <system-out/>
  <testcase classname="A_Test.Basics3" name="mobileSignInCarLoan" time="0.003"/>
  <system-out/>
  <testcase classname="A_Test.Basics3" name="mobileSignOutCarLoan" time="0.003"/>
  <system-out/>
  <testcase classname="A_Test.Basics3" name="mobileLoginCarLoan" time="0.008"/>
  <system-out/>
</testsuite> <!-- A_Test.Basics3 -->
