<?xml version="1.0" encoding="UTF-8"?>
<!-- Generated by org.testng.reporters.JUnitReportReporter -->
<testsuite hostname="Srijans-MacBook-Air.local" failures="0" tests="6" name="A_Test.Basics3" time="0.031" errors="0" timestamp="2024-11-11T23:56:13 IST" skipped="1">
  <testcase classname="A_Test.Basics3" name="mobileSignOutCarLoan" time="0.004"/>
  <system-out/>
  <testcase classname="A_Test.Basics3" name="webLoginCarLoan" time="0.002"/>
  <system-out/>
  <testcase classname="A_Test.Basics3" name="mobileSignOutCarLoan" time="0.004"/>
  <system-out/>
  <testcase classname="A_Test.Basics3" name="mobileLoginCarLoan" time="0.009"/>
  <system-out/>
  <testcase classname="A_Test.Basics3" name="mobileSignOutCarLoan" time="0.012"/>
  <system-out/>
  <testcase classname="A_Test.Basics3" name="mobileSignInCarLoan">
    <skipped/>
  </testcase> <!-- mobileSignInCarLoan -->
  <system-out/>
</testsuite> <!-- A_Test.Basics3 -->
