<?xml version="1.0" encoding="UTF-8"?>
<!-- Generated by org.testng.reporters.JUnitReportReporter -->
<testsuite hostname="Srijans-MacBook-Air.local" failures="0" tests="2" name="A_Test.Basics3" time="0.007" errors="0" timestamp="2024-11-02T13:11:13 IST" skipped="0">
  <testcase classname="A_Test.Basics3" name="webLoginCarLoan" time="0.002"/>
  <system-out/>
  <testcase classname="A_Test.Basics3" name="LoginAPICarLoan" time="0.005"/>
  <system-out/>
</testsuite> <!-- A_Test.Basics3 -->
