<?xml version="1.0" encoding="UTF-8"?>
<!-- Generated by org.testng.reporters.JUnitReportReporter -->
<testsuite hostname="Srijans-MacBook-Air.local" failures="0" tests="1" name="OOPforFrameworkDevelopment.PS1" time="0.017" errors="0" timestamp="2024-11-12T01:15:46 IST" skipped="0">
  <testcase classname="OOPforFrameworkDevelopment.PS1" name="testRun" time="0.017"/>
  <system-out/>
</testsuite> <!-- OOPforFrameworkDevelopment.PS1 -->
