<?xml version="1.0" encoding="UTF-8"?>
<!-- Generated by org.testng.reporters.JUnitReportReporter -->
<testsuite hostname="Srijans-MacBook-Air.local" failures="0" tests="1" name="opack.OrangeHRM" time="139.686" errors="0" timestamp="2024-08-22T14:29:50 IST" skipped="0">
  <testcase classname="opack.OrangeHRM" name="orangeMethod" time="139.686"/>
  <system-out/>
</testsuite> <!-- opack.OrangeHRM -->
